android/app/build/intermediates/manifest_merge_blame_file/debug/processDebugMainManifest/manifest-merger-blame-debug-report.txt
1<?xml version="1.0" encoding="utf-8"?>
2<manifest xmlns:android="http://schemas.android.com/apk/res/android"
3    package="com.chefu.chefuacademy"
4    android:versionCode="1"
5    android:versionName="1.2025.1" >
6
7    <uses-sdk
8        android:minSdkVersion="24"
9        android:targetSdkVersion="35" />
10
11    <uses-permission android:name="android.permission.SYSTEM_ALERT_WINDOW" />
11-->src\main\AndroidManifest.xml:9:3-75
11-->src\main\AndroidManifest.xml:9:20-73
12    <uses-permission android:name="android.permission.ACCESS_COARSE_LOCATION" />
12-->src\main\AndroidManifest.xml:2:3-78
12-->src\main\AndroidManifest.xml:2:20-76
13    <uses-permission android:name="android.permission.ACCESS_FINE_LOCATION" />
13-->src\main\AndroidManifest.xml:3:3-76
13-->src\main\AndroidManifest.xml:3:20-74
14    <uses-permission android:name="android.permission.CAMERA" />
14-->src\main\AndroidManifest.xml:4:3-62
14-->src\main\AndroidManifest.xml:4:20-60
15    <uses-permission android:name="android.permission.INTERNET" />
15-->src\main\AndroidManifest.xml:5:3-64
15-->src\main\AndroidManifest.xml:5:20-62
16    <uses-permission android:name="android.permission.NOTIFICATIONS" />
16-->src\main\AndroidManifest.xml:6:3-69
16-->src\main\AndroidManifest.xml:6:20-67
17    <uses-permission
17-->src\main\AndroidManifest.xml:7:3-77
18        android:name="android.permission.READ_EXTERNAL_STORAGE"
18-->src\main\AndroidManifest.xml:7:20-75
19        android:maxSdkVersion="32" />
19-->[BareExpo:expo.modules.image:2.3.2] AndroidManifest.xml:17:9-35
20    <uses-permission android:name="android.permission.RECORD_AUDIO" />
20-->src\main\AndroidManifest.xml:8:3-68
20-->src\main\AndroidManifest.xml:8:20-66
21    <uses-permission android:name="android.permission.USE_BIOMETRIC" />
21-->src\main\AndroidManifest.xml:10:3-69
21-->src\main\AndroidManifest.xml:10:20-67
22    <uses-permission android:name="android.permission.USE_FINGERPRINT" />
22-->src\main\AndroidManifest.xml:11:3-71
22-->src\main\AndroidManifest.xml:11:20-69
23    <uses-permission android:name="android.permission.VIBRATE" />
23-->src\main\AndroidManifest.xml:12:3-63
23-->src\main\AndroidManifest.xml:12:20-61
24    <uses-permission android:name="android.permission.WRITE_EXTERNAL_STORAGE" />
24-->src\main\AndroidManifest.xml:13:3-78
24-->src\main\AndroidManifest.xml:13:20-76
25
26    <queries>
26-->src\main\AndroidManifest.xml:14:3-20:13
27        <intent>
27-->src\main\AndroidManifest.xml:15:5-19:14
28            <action android:name="android.intent.action.VIEW" />
28-->src\main\AndroidManifest.xml:16:7-58
28-->src\main\AndroidManifest.xml:16:15-56
29
30            <category android:name="android.intent.category.BROWSABLE" />
30-->src\main\AndroidManifest.xml:17:7-67
30-->src\main\AndroidManifest.xml:17:17-65
31
32            <data android:scheme="https" />
32-->src\main\AndroidManifest.xml:18:7-37
32-->src\main\AndroidManifest.xml:18:13-35
33        </intent>
34
35        <package android:name="host.exp.exponent" /> <!-- End of browser content -->
35-->[:expo-dev-launcher] AndroidManifest.xml:8:9-53
35-->[:expo-dev-launcher] AndroidManifest.xml:8:18-50
36        <!-- For CustomTabsService -->
37        <intent>
37-->[com.google.android.gms:play-services-ads-api:24.3.0] AndroidManifest.xml:47:9-49:18
38            <action android:name="android.support.customtabs.action.CustomTabsService" />
38-->[com.google.android.gms:play-services-ads-api:24.3.0] AndroidManifest.xml:48:13-90
38-->[com.google.android.gms:play-services-ads-api:24.3.0] AndroidManifest.xml:48:21-87
39        </intent> <!-- End of CustomTabsService -->
40        <!-- For MRAID capabilities -->
41        <intent>
41-->[com.google.android.gms:play-services-ads-api:24.3.0] AndroidManifest.xml:52:9-56:18
42            <action android:name="android.intent.action.INSERT" />
42-->[com.google.android.gms:play-services-ads-api:24.3.0] AndroidManifest.xml:53:13-67
42-->[com.google.android.gms:play-services-ads-api:24.3.0] AndroidManifest.xml:53:21-64
43
44            <data android:mimeType="vnd.android.cursor.dir/event" />
44-->src\main\AndroidManifest.xml:18:7-37
45        </intent>
46        <intent>
46-->[com.google.android.gms:play-services-ads-api:24.3.0] AndroidManifest.xml:57:9-61:18
47            <action android:name="android.intent.action.VIEW" />
47-->src\main\AndroidManifest.xml:16:7-58
47-->src\main\AndroidManifest.xml:16:15-56
48
49            <data android:scheme="sms" />
49-->src\main\AndroidManifest.xml:18:7-37
49-->src\main\AndroidManifest.xml:18:13-35
50        </intent>
51        <intent>
51-->[com.google.android.gms:play-services-ads-api:24.3.0] AndroidManifest.xml:62:9-66:18
52            <action android:name="android.intent.action.DIAL" />
52-->[com.google.android.gms:play-services-ads-api:24.3.0] AndroidManifest.xml:63:13-65
52-->[com.google.android.gms:play-services-ads-api:24.3.0] AndroidManifest.xml:63:21-62
53
54            <data android:path="tel:" />
54-->src\main\AndroidManifest.xml:18:7-37
55        </intent>
56        <intent>
56-->[host.exp.exponent:expo.modules.imagepicker:16.1.4] AndroidManifest.xml:15:9-19:18
57
58            <!-- Required for picking images from the camera roll if targeting API 30 -->
59            <action android:name="android.media.action.IMAGE_CAPTURE" />
59-->[host.exp.exponent:expo.modules.imagepicker:16.1.4] AndroidManifest.xml:18:13-73
59-->[host.exp.exponent:expo.modules.imagepicker:16.1.4] AndroidManifest.xml:18:21-70
60        </intent>
61        <intent>
61-->[host.exp.exponent:expo.modules.imagepicker:16.1.4] AndroidManifest.xml:20:9-24:18
62
63            <!-- Required for picking images from the camera if targeting API 30 -->
64            <action android:name="android.media.action.ACTION_VIDEO_CAPTURE" />
64-->[host.exp.exponent:expo.modules.imagepicker:16.1.4] AndroidManifest.xml:23:13-80
64-->[host.exp.exponent:expo.modules.imagepicker:16.1.4] AndroidManifest.xml:23:21-77
65        </intent>
66        <intent>
66-->[com.google.firebase:firebase-inappmessaging-display:21.0.2] AndroidManifest.xml:11:9-15:18
67            <action android:name="android.intent.action.VIEW" />
67-->src\main\AndroidManifest.xml:16:7-58
67-->src\main\AndroidManifest.xml:16:15-56
68
69            <data android:scheme="https" />
69-->src\main\AndroidManifest.xml:18:7-37
69-->src\main\AndroidManifest.xml:18:13-35
70        </intent>
71        <intent>
71-->[androidx.camera:camera-extensions:1.4.1] AndroidManifest.xml:23:9-25:18
72            <action android:name="androidx.camera.extensions.action.VENDOR_ACTION" />
72-->[androidx.camera:camera-extensions:1.4.1] AndroidManifest.xml:24:13-86
72-->[androidx.camera:camera-extensions:1.4.1] AndroidManifest.xml:24:21-83
73        </intent>
74        <intent>
74-->[com.vanniktech:android-image-cropper:4.6.0] AndroidManifest.xml:8:9-14:18
75            <action android:name="android.intent.action.GET_CONTENT" />
75-->[com.vanniktech:android-image-cropper:4.6.0] AndroidManifest.xml:9:13-72
75-->[com.vanniktech:android-image-cropper:4.6.0] AndroidManifest.xml:9:21-69
76
77            <category android:name="android.intent.category.OPENABLE" />
77-->[com.vanniktech:android-image-cropper:4.6.0] AndroidManifest.xml:11:13-73
77-->[com.vanniktech:android-image-cropper:4.6.0] AndroidManifest.xml:11:23-70
78
79            <data android:mimeType="*/*" />
79-->src\main\AndroidManifest.xml:18:7-37
80        </intent> <!-- Query open documents -->
81        <intent>
81-->[host.exp.exponent:expo.modules.filesystem:18.1.11] AndroidManifest.xml:15:9-17:18
82            <action android:name="android.intent.action.OPEN_DOCUMENT_TREE" />
82-->[host.exp.exponent:expo.modules.filesystem:18.1.11] AndroidManifest.xml:16:13-79
82-->[host.exp.exponent:expo.modules.filesystem:18.1.11] AndroidManifest.xml:16:21-76
83        </intent>
84        <intent>
84-->[host.exp.exponent:expo.modules.sharing:13.1.5] AndroidManifest.xml:8:9-14:18
85
86            <!-- Required for file sharing if targeting API 30 -->
87            <action android:name="android.intent.action.SEND" />
87-->[host.exp.exponent:expo.modules.sharing:13.1.5] AndroidManifest.xml:11:13-65
87-->[host.exp.exponent:expo.modules.sharing:13.1.5] AndroidManifest.xml:11:21-62
88
89            <data android:mimeType="*/*" />
89-->src\main\AndroidManifest.xml:18:7-37
90        </intent>
91    </queries>
92
93    <uses-permission android:name="android.permission.WAKE_LOCK" />
93-->[:react-native-google-mobile-ads] AndroidManifest.xml:8:5-68
93-->[:react-native-google-mobile-ads] AndroidManifest.xml:8:22-65
94    <uses-permission android:name="android.permission.ACCESS_NETWORK_STATE" />
94-->[:react-native-google-mobile-ads] AndroidManifest.xml:9:5-79
94-->[:react-native-google-mobile-ads] AndroidManifest.xml:9:22-76
95    <uses-permission android:name="com.google.android.gms.permission.AD_ID" />
95-->[com.google.android.gms:play-services-ads-api:24.3.0] AndroidManifest.xml:26:5-79
95-->[com.google.android.gms:play-services-ads-api:24.3.0] AndroidManifest.xml:26:22-76
96    <uses-permission android:name="android.permission.ACCESS_ADSERVICES_AD_ID" />
96-->[com.google.android.gms:play-services-ads-api:24.3.0] AndroidManifest.xml:27:5-82
96-->[com.google.android.gms:play-services-ads-api:24.3.0] AndroidManifest.xml:27:22-79
97    <uses-permission android:name="android.permission.ACCESS_ADSERVICES_ATTRIBUTION" />
97-->[com.google.android.gms:play-services-ads-api:24.3.0] AndroidManifest.xml:28:5-88
97-->[com.google.android.gms:play-services-ads-api:24.3.0] AndroidManifest.xml:28:22-85
98    <uses-permission android:name="android.permission.ACCESS_ADSERVICES_TOPICS" />
98-->[com.google.android.gms:play-services-ads-api:24.3.0] AndroidManifest.xml:29:5-83
98-->[com.google.android.gms:play-services-ads-api:24.3.0] AndroidManifest.xml:29:22-80
99    <uses-permission android:name="android.permission.FOREGROUND_SERVICE" />
99-->[androidx.work:work-runtime:2.8.0] AndroidManifest.xml:26:5-77
99-->[androidx.work:work-runtime:2.8.0] AndroidManifest.xml:26:22-74
100    <uses-permission android:name="android.permission.POST_NOTIFICATIONS" /> <!-- Required by older versions of Google Play services to create IID tokens -->
100-->[host.exp.exponent:expo.modules.notifications:0.31.4] AndroidManifest.xml:8:5-77
100-->[host.exp.exponent:expo.modules.notifications:0.31.4] AndroidManifest.xml:8:22-74
101    <uses-permission android:name="com.google.android.c2dm.permission.RECEIVE" />
101-->[com.google.firebase:firebase-messaging:24.1.2] AndroidManifest.xml:26:5-82
101-->[com.google.firebase:firebase-messaging:24.1.2] AndroidManifest.xml:26:22-79
102    <uses-permission android:name="com.google.android.providers.gsf.permission.READ_GSERVICES" />
102-->[com.google.android.recaptcha:recaptcha:18.6.1] AndroidManifest.xml:9:5-98
102-->[com.google.android.recaptcha:recaptcha:18.6.1] AndroidManifest.xml:9:22-95
103
104    <permission
104-->[androidx.core:core:1.13.1] AndroidManifest.xml:22:5-24:47
105        android:name="com.chefu.chefuacademy.DYNAMIC_RECEIVER_NOT_EXPORTED_PERMISSION"
105-->[androidx.core:core:1.13.1] AndroidManifest.xml:23:9-81
106        android:protectionLevel="signature" />
106-->[androidx.core:core:1.13.1] AndroidManifest.xml:24:9-44
107
108    <uses-permission android:name="com.chefu.chefuacademy.DYNAMIC_RECEIVER_NOT_EXPORTED_PERMISSION" />
108-->[androidx.core:core:1.13.1] AndroidManifest.xml:26:5-97
108-->[androidx.core:core:1.13.1] AndroidManifest.xml:26:22-94
109    <uses-permission android:name="android.permission.READ_MEDIA_IMAGES" />
109-->[host.exp.exponent:expo.modules.medialibrary:17.1.7] AndroidManifest.xml:7:5-76
109-->[host.exp.exponent:expo.modules.medialibrary:17.1.7] AndroidManifest.xml:7:22-73
110    <uses-permission android:name="android.permission.READ_MEDIA_VIDEO" />
110-->[host.exp.exponent:expo.modules.medialibrary:17.1.7] AndroidManifest.xml:8:5-75
110-->[host.exp.exponent:expo.modules.medialibrary:17.1.7] AndroidManifest.xml:8:22-72
111    <uses-permission android:name="android.permission.READ_MEDIA_AUDIO" />
111-->[host.exp.exponent:expo.modules.medialibrary:17.1.7] AndroidManifest.xml:9:5-75
111-->[host.exp.exponent:expo.modules.medialibrary:17.1.7] AndroidManifest.xml:9:22-72
112    <uses-permission android:name="android.permission.READ_MEDIA_VISUAL_USER_SELECTED" />
112-->[host.exp.exponent:expo.modules.medialibrary:17.1.7] AndroidManifest.xml:10:5-90
112-->[host.exp.exponent:expo.modules.medialibrary:17.1.7] AndroidManifest.xml:10:22-87
113    <uses-permission android:name="android.permission.SCHEDULE_EXACT_ALARM" />
113-->[app.notifee:core:202108261754] AndroidManifest.xml:16:5-79
113-->[app.notifee:core:202108261754] AndroidManifest.xml:16:22-76
114    <uses-permission
114-->[app.notifee:core:202108261754] AndroidManifest.xml:17:5-19:38
115        android:name="android.permission.BROADCAST_CLOSE_SYSTEM_DIALOGS"
115-->[app.notifee:core:202108261754] AndroidManifest.xml:18:9-73
116        android:maxSdkVersion="30" /> <!-- For Xiaomi devices to enable heads-up notifications as default (https://github.com/invertase/notifee/issues/296) -->
116-->[app.notifee:core:202108261754] AndroidManifest.xml:19:9-35
117    <uses-permission
117-->[app.notifee:core:202108261754] AndroidManifest.xml:21:5-23:38
118        android:name="android.permission.ACCESS_NOTIFICATION_POLICY"
118-->[app.notifee:core:202108261754] AndroidManifest.xml:22:9-69
119        android:minSdkVersion="23" />
119-->[app.notifee:core:202108261754] AndroidManifest.xml:23:9-35
120    <uses-permission android:name="com.google.android.finsky.permission.BIND_GET_INSTALL_REFERRER_SERVICE" /> <!-- for android -->
120-->[com.android.installreferrer:installreferrer:2.2] AndroidManifest.xml:9:5-110
120-->[com.android.installreferrer:installreferrer:2.2] AndroidManifest.xml:9:22-107
121    <!-- <uses-permission android:name="com.android.launcher.permission.READ_SETTINGS"/> -->
122    <!-- <uses-permission android:name="com.android.launcher.permission.WRITE_SETTINGS"/> -->
123    <!-- <uses-permission android:name="com.android.launcher.permission.INSTALL_SHORTCUT" /> -->
124    <!-- <uses-permission android:name="com.android.launcher.permission.UNINSTALL_SHORTCUT" /> -->
125    <!-- for Samsung -->
126    <uses-permission android:name="com.sec.android.provider.badge.permission.READ" />
126-->[me.leolin:ShortcutBadger:1.1.22] AndroidManifest.xml:19:5-86
126-->[me.leolin:ShortcutBadger:1.1.22] AndroidManifest.xml:19:22-83
127    <uses-permission android:name="com.sec.android.provider.badge.permission.WRITE" /> <!-- for htc -->
127-->[me.leolin:ShortcutBadger:1.1.22] AndroidManifest.xml:20:5-87
127-->[me.leolin:ShortcutBadger:1.1.22] AndroidManifest.xml:20:22-84
128    <uses-permission android:name="com.htc.launcher.permission.READ_SETTINGS" />
128-->[me.leolin:ShortcutBadger:1.1.22] AndroidManifest.xml:23:5-81
128-->[me.leolin:ShortcutBadger:1.1.22] AndroidManifest.xml:23:22-78
129    <uses-permission android:name="com.htc.launcher.permission.UPDATE_SHORTCUT" /> <!-- for sony -->
129-->[me.leolin:ShortcutBadger:1.1.22] AndroidManifest.xml:24:5-83
129-->[me.leolin:ShortcutBadger:1.1.22] AndroidManifest.xml:24:22-80
130    <uses-permission android:name="com.sonyericsson.home.permission.BROADCAST_BADGE" />
130-->[me.leolin:ShortcutBadger:1.1.22] AndroidManifest.xml:27:5-88
130-->[me.leolin:ShortcutBadger:1.1.22] AndroidManifest.xml:27:22-85
131    <uses-permission android:name="com.sonymobile.home.permission.PROVIDER_INSERT_BADGE" /> <!-- for apex -->
131-->[me.leolin:ShortcutBadger:1.1.22] AndroidManifest.xml:28:5-92
131-->[me.leolin:ShortcutBadger:1.1.22] AndroidManifest.xml:28:22-89
132    <uses-permission android:name="com.anddoes.launcher.permission.UPDATE_COUNT" /> <!-- for solid -->
132-->[me.leolin:ShortcutBadger:1.1.22] AndroidManifest.xml:31:5-84
132-->[me.leolin:ShortcutBadger:1.1.22] AndroidManifest.xml:31:22-81
133    <uses-permission android:name="com.majeur.launcher.permission.UPDATE_BADGE" /> <!-- for huawei -->
133-->[me.leolin:ShortcutBadger:1.1.22] AndroidManifest.xml:34:5-83
133-->[me.leolin:ShortcutBadger:1.1.22] AndroidManifest.xml:34:22-80
134    <uses-permission android:name="com.huawei.android.launcher.permission.CHANGE_BADGE" />
134-->[me.leolin:ShortcutBadger:1.1.22] AndroidManifest.xml:37:5-91
134-->[me.leolin:ShortcutBadger:1.1.22] AndroidManifest.xml:37:22-88
135    <uses-permission android:name="com.huawei.android.launcher.permission.READ_SETTINGS" />
135-->[me.leolin:ShortcutBadger:1.1.22] AndroidManifest.xml:38:5-92
135-->[me.leolin:ShortcutBadger:1.1.22] AndroidManifest.xml:38:22-89
136    <uses-permission android:name="com.huawei.android.launcher.permission.WRITE_SETTINGS" /> <!-- for ZUK -->
136-->[me.leolin:ShortcutBadger:1.1.22] AndroidManifest.xml:39:5-93
136-->[me.leolin:ShortcutBadger:1.1.22] AndroidManifest.xml:39:22-90
137    <uses-permission android:name="android.permission.READ_APP_BADGE" /> <!-- for OPPO -->
137-->[me.leolin:ShortcutBadger:1.1.22] AndroidManifest.xml:42:5-73
137-->[me.leolin:ShortcutBadger:1.1.22] AndroidManifest.xml:42:22-70
138    <uses-permission android:name="com.oppo.launcher.permission.READ_SETTINGS" />
138-->[me.leolin:ShortcutBadger:1.1.22] AndroidManifest.xml:45:5-82
138-->[me.leolin:ShortcutBadger:1.1.22] AndroidManifest.xml:45:22-79
139    <uses-permission android:name="com.oppo.launcher.permission.WRITE_SETTINGS" /> <!-- for EvMe -->
139-->[me.leolin:ShortcutBadger:1.1.22] AndroidManifest.xml:46:5-83
139-->[me.leolin:ShortcutBadger:1.1.22] AndroidManifest.xml:46:22-80
140    <uses-permission android:name="me.everything.badger.permission.BADGE_COUNT_READ" />
140-->[me.leolin:ShortcutBadger:1.1.22] AndroidManifest.xml:49:5-88
140-->[me.leolin:ShortcutBadger:1.1.22] AndroidManifest.xml:49:22-85
141    <uses-permission android:name="me.everything.badger.permission.BADGE_COUNT_WRITE" />
141-->[me.leolin:ShortcutBadger:1.1.22] AndroidManifest.xml:50:5-89
141-->[me.leolin:ShortcutBadger:1.1.22] AndroidManifest.xml:50:22-86
142
143    <application
143-->src\main\AndroidManifest.xml:21:3-47:17
144        android:name="com.chefu.chefuacademy.MainApplication"
144-->src\main\AndroidManifest.xml:21:16-47
145        android:allowBackup="true"
145-->src\main\AndroidManifest.xml:21:162-188
146        android:appComponentFactory="androidx.core.app.CoreComponentFactory"
146-->[androidx.core:core:1.13.1] AndroidManifest.xml:28:18-86
147        android:debuggable="true"
148        android:extractNativeLibs="false"
149        android:icon="@mipmap/ic_launcher"
149-->src\main\AndroidManifest.xml:21:81-115
150        android:label="@string/app_name"
150-->src\main\AndroidManifest.xml:21:48-80
151        android:requestLegacyExternalStorage="true"
151-->src\main\AndroidManifest.xml:21:248-291
152        android:roundIcon="@mipmap/ic_launcher_round"
152-->src\main\AndroidManifest.xml:21:116-161
153        android:supportsRtl="true"
153-->src\main\AndroidManifest.xml:21:221-247
154        android:theme="@style/AppTheme"
154-->src\main\AndroidManifest.xml:21:189-220
155        android:usesCleartextTraffic="true" >
155-->src\debug\AndroidManifest.xml:6:18-53
156        <meta-data
156-->src\main\AndroidManifest.xml:22:5-159
157            android:name="com.google.android.gms.ads.APPLICATION_ID"
157-->src\main\AndroidManifest.xml:22:16-72
158            android:value="ca-app-pub-8952058057579255~3331962035" />
158-->src\main\AndroidManifest.xml:22:73-127
159        <meta-data
159-->src\main\AndroidManifest.xml:23:5-135
160            android:name="com.google.android.gms.ads.flag.OPTIMIZE_AD_LOADING"
160-->src\main\AndroidManifest.xml:23:16-82
161            android:value="true" />
161-->src\main\AndroidManifest.xml:23:83-103
162        <meta-data
162-->src\main\AndroidManifest.xml:24:5-139
163            android:name="com.google.android.gms.ads.flag.OPTIMIZE_INITIALIZATION"
163-->src\main\AndroidManifest.xml:24:16-86
164            android:value="true" />
164-->src\main\AndroidManifest.xml:24:87-107
165        <meta-data
165-->src\main\AndroidManifest.xml:25:5-83
166            android:name="expo.modules.updates.ENABLED"
166-->src\main\AndroidManifest.xml:25:16-59
167            android:value="false" />
167-->src\main\AndroidManifest.xml:25:60-81
168        <meta-data
168-->src\main\AndroidManifest.xml:26:5-105
169            android:name="expo.modules.updates.EXPO_UPDATES_CHECK_ON_LAUNCH"
169-->src\main\AndroidManifest.xml:26:16-80
170            android:value="ALWAYS" />
170-->src\main\AndroidManifest.xml:26:81-103
171        <meta-data
171-->src\main\AndroidManifest.xml:27:5-99
172            android:name="expo.modules.updates.EXPO_UPDATES_LAUNCH_WAIT_MS"
172-->src\main\AndroidManifest.xml:27:16-79
173            android:value="0" />
173-->src\main\AndroidManifest.xml:27:80-97
174
175        <activity
175-->src\main\AndroidManifest.xml:28:5-46:16
176            android:name="com.chefu.chefuacademy.MainActivity"
176-->src\main\AndroidManifest.xml:28:15-43
177            android:configChanges="keyboard|keyboardHidden|orientation|screenSize|screenLayout|uiMode"
177-->src\main\AndroidManifest.xml:28:44-134
178            android:exported="true"
178-->src\main\AndroidManifest.xml:28:256-279
179            android:launchMode="singleTask"
179-->src\main\AndroidManifest.xml:28:135-166
180            android:screenOrientation="portrait"
180-->src\main\AndroidManifest.xml:28:280-316
181            android:theme="@style/Theme.App.SplashScreen"
181-->src\main\AndroidManifest.xml:28:210-255
182            android:windowSoftInputMode="adjustResize" >
182-->src\main\AndroidManifest.xml:28:167-209
183            <intent-filter>
183-->src\main\AndroidManifest.xml:29:7-32:23
184                <action android:name="android.intent.action.MAIN" />
184-->src\main\AndroidManifest.xml:30:9-60
184-->src\main\AndroidManifest.xml:30:17-58
185
186                <category android:name="android.intent.category.LAUNCHER" />
186-->src\main\AndroidManifest.xml:31:9-68
186-->src\main\AndroidManifest.xml:31:19-66
187            </intent-filter>
188            <intent-filter>
188-->src\main\AndroidManifest.xml:33:7-39:23
189                <action android:name="android.intent.action.VIEW" />
189-->src\main\AndroidManifest.xml:16:7-58
189-->src\main\AndroidManifest.xml:16:15-56
190
191                <category android:name="android.intent.category.DEFAULT" />
191-->src\main\AndroidManifest.xml:35:9-67
191-->src\main\AndroidManifest.xml:35:19-65
192                <category android:name="android.intent.category.BROWSABLE" />
192-->src\main\AndroidManifest.xml:17:7-67
192-->src\main\AndroidManifest.xml:17:17-65
193
194                <data
194-->src\main\AndroidManifest.xml:18:7-37
195                    android:host="oauthredirect"
196                    android:scheme="chefu-academy" />
196-->src\main\AndroidManifest.xml:18:13-35
197                <data android:scheme="exp+chefu-academy" />
197-->src\main\AndroidManifest.xml:18:7-37
197-->src\main\AndroidManifest.xml:18:13-35
198            </intent-filter>
199            <intent-filter data-generated="true" >
199-->src\main\AndroidManifest.xml:40:7-45:23
199-->src\main\AndroidManifest.xml:40:22-43
200                <action android:name="android.intent.action.VIEW" />
200-->src\main\AndroidManifest.xml:16:7-58
200-->src\main\AndroidManifest.xml:16:15-56
201
202                <data android:scheme="chefu-academy" />
202-->src\main\AndroidManifest.xml:18:7-37
202-->src\main\AndroidManifest.xml:18:13-35
203
204                <category android:name="android.intent.category.BROWSABLE" />
204-->src\main\AndroidManifest.xml:17:7-67
204-->src\main\AndroidManifest.xml:17:17-65
205                <category android:name="android.intent.category.DEFAULT" />
205-->src\main\AndroidManifest.xml:35:9-67
205-->src\main\AndroidManifest.xml:35:19-65
206            </intent-filter>
207        </activity>
208
209        <meta-data
209-->[:react-native-google-mobile-ads] AndroidManifest.xml:15:9-17:37
210            android:name="com.google.android.gms.ads.DELAY_APP_MEASUREMENT_INIT"
210-->[:react-native-google-mobile-ads] AndroidManifest.xml:16:13-81
211            android:value="false" />
211-->[:react-native-google-mobile-ads] AndroidManifest.xml:17:13-34
212
213        <provider
213-->[:react-native-webview] AndroidManifest.xml:8:9-16:20
214            android:name="com.reactnativecommunity.webview.RNCWebViewFileProvider"
214-->[:react-native-webview] AndroidManifest.xml:9:13-83
215            android:authorities="com.chefu.chefuacademy.fileprovider"
215-->[:react-native-webview] AndroidManifest.xml:10:13-64
216            android:exported="false"
216-->[:react-native-webview] AndroidManifest.xml:11:13-37
217            android:grantUriPermissions="true" >
217-->[:react-native-webview] AndroidManifest.xml:12:13-47
218            <meta-data
218-->[:react-native-webview] AndroidManifest.xml:13:13-15:63
219                android:name="android.support.FILE_PROVIDER_PATHS"
219-->[:react-native-webview] AndroidManifest.xml:14:17-67
220                android:resource="@xml/file_provider_paths" />
220-->[:react-native-webview] AndroidManifest.xml:15:17-60
221        </provider>
222        <provider
222-->[:notifee_react-native] AndroidManifest.xml:8:9-12:40
223            android:name="io.invertase.notifee.NotifeeInitProvider"
223-->[:notifee_react-native] AndroidManifest.xml:9:13-68
224            android:authorities="com.chefu.chefuacademy.notifee-init-provider"
224-->[:notifee_react-native] AndroidManifest.xml:10:13-73
225            android:exported="false"
225-->[:notifee_react-native] AndroidManifest.xml:11:13-37
226            android:initOrder="-100" />
226-->[:notifee_react-native] AndroidManifest.xml:12:13-37
227
228        <meta-data
228-->[:react-native-firebase_in-app-messaging] AndroidManifest.xml:8:9-10:36
229            android:name="in_app_messaging_auto_collection_enabled"
229-->[:react-native-firebase_in-app-messaging] AndroidManifest.xml:9:13-68
230            android:value="true" />
230-->[:react-native-firebase_in-app-messaging] AndroidManifest.xml:10:13-33
231
232        <service
232-->[:react-native-firebase_messaging] AndroidManifest.xml:12:9-14:40
233            android:name="io.invertase.firebase.messaging.ReactNativeFirebaseMessagingHeadlessService"
233-->[:react-native-firebase_messaging] AndroidManifest.xml:13:13-103
234            android:exported="false" />
234-->[:react-native-firebase_messaging] AndroidManifest.xml:14:13-37
235        <service
235-->[:react-native-firebase_messaging] AndroidManifest.xml:15:9-21:19
236            android:name="io.invertase.firebase.messaging.ReactNativeFirebaseMessagingService"
236-->[:react-native-firebase_messaging] AndroidManifest.xml:16:13-95
237            android:exported="false" >
237-->[:react-native-firebase_messaging] AndroidManifest.xml:17:13-37
238            <intent-filter>
238-->[:react-native-firebase_messaging] AndroidManifest.xml:18:13-20:29
239                <action android:name="com.google.firebase.MESSAGING_EVENT" />
239-->[:react-native-firebase_messaging] AndroidManifest.xml:19:17-78
239-->[:react-native-firebase_messaging] AndroidManifest.xml:19:25-75
240            </intent-filter>
241        </service>
242
243        <receiver
243-->[:react-native-firebase_messaging] AndroidManifest.xml:23:9-30:20
244            android:name="io.invertase.firebase.messaging.ReactNativeFirebaseMessagingReceiver"
244-->[:react-native-firebase_messaging] AndroidManifest.xml:24:13-96
245            android:exported="true"
245-->[:react-native-firebase_messaging] AndroidManifest.xml:25:13-36
246            android:permission="com.google.android.c2dm.permission.SEND" >
246-->[:react-native-firebase_messaging] AndroidManifest.xml:26:13-73
247            <intent-filter>
247-->[:react-native-firebase_messaging] AndroidManifest.xml:27:13-29:29
248                <action android:name="com.google.android.c2dm.intent.RECEIVE" />
248-->[:react-native-firebase_messaging] AndroidManifest.xml:28:17-81
248-->[:react-native-firebase_messaging] AndroidManifest.xml:28:25-78
249            </intent-filter>
250        </receiver>
251
252        <meta-data
252-->[:react-native-firebase_messaging] AndroidManifest.xml:32:9-34:37
253            android:name="delivery_metrics_exported_to_big_query_enabled"
253-->[:react-native-firebase_messaging] AndroidManifest.xml:33:13-74
254            android:value="false" />
254-->[:react-native-firebase_messaging] AndroidManifest.xml:34:13-34
255        <meta-data
255-->[:react-native-firebase_messaging] AndroidManifest.xml:35:9-37:36
256            android:name="firebase_messaging_auto_init_enabled"
256-->[:react-native-firebase_messaging] AndroidManifest.xml:36:13-64
257            android:value="true" />
257-->[:react-native-firebase_messaging] AndroidManifest.xml:37:13-33
258        <meta-data
258-->[:react-native-firebase_messaging] AndroidManifest.xml:38:9-40:37
259            android:name="firebase_messaging_notification_delegation_enabled"
259-->[:react-native-firebase_messaging] AndroidManifest.xml:39:13-78
260            android:value="false" />
260-->[:react-native-firebase_messaging] AndroidManifest.xml:40:13-34
261        <meta-data
261-->[:react-native-firebase_messaging] AndroidManifest.xml:41:9-43:32
262            android:name="com.google.firebase.messaging.default_notification_channel_id"
262-->[:react-native-firebase_messaging] AndroidManifest.xml:42:13-89
263            android:value="" />
263-->[:react-native-firebase_messaging] AndroidManifest.xml:43:13-29
264        <meta-data
264-->[:react-native-firebase_messaging] AndroidManifest.xml:44:9-46:47
265            android:name="com.google.firebase.messaging.default_notification_color"
265-->[:react-native-firebase_messaging] AndroidManifest.xml:45:13-84
266            android:resource="@color/white" />
266-->[:react-native-firebase_messaging] AndroidManifest.xml:46:13-44
267        <meta-data
267-->[:react-native-firebase_app] AndroidManifest.xml:9:9-11:36